
 ⛅️ wrangler 4.70.0
───────────────────
Your Worker has access to the following bindings:
Binding            Resource      Mode
env.ASSETS         Assets        local

⎔ Starting local server...
[wrangler:info] Ready on http://localhost:8787
[wrangler:info] GET / 200 OK (17ms)
[wrangler:info] GET /style.css 200 OK (11ms)
[wrangler:info] GET /app.js 200 OK (11ms)
[wrangler:info] GET / 200 OK (4ms)
[wrangler:info] GET /style.css 304 Not Modified (6ms)
[wrangler:info] GET /app.js 304 Not Modified (9ms)
[wrangler:info] GET / 304 Not Modified (4ms)
[wrangler:info] GET /style.css 304 Not Modified (4ms)
[wrangler:info] GET /app.js 304 Not Modified (5ms)
⎔ Reloading local server...
⎔ Local server updated and ready
[wrangler:info] GET / 200 OK (12ms)
[wrangler:info] GET /style.css 200 OK (5ms)
[wrangler:info] GET /app.js 200 OK (8ms)
[wrangler:info] GET / 200 OK (4ms)
[wrangler:info] GET /style.css 304 Not Modified (6ms)
[wrangler:info] GET /app.js 304 Not Modified (5ms)
[wrangler:info] GET / 304 Not Modified (4ms)
[wrangler:info] GET /style.css 304 Not Modified (4ms)
[wrangler:info] GET /app.js 304 Not Modified (5ms)
⎔ Reloading local server...
⎔ Local server updated and ready
⎔ Reloading local server...
⎔ Local server updated and ready
[wrangler:info] GET / 200 OK (12ms)
[wrangler:info] GET /style.css 200 OK (5ms)
[wrangler:info] GET /app.js 200 OK (7ms)
[wrangler:info] GET / 200 OK (5ms)
[wrangler:info] GET /style.css 304 Not Modified (5ms)
[wrangler:info] GET /app.js 304 Not Modified (6ms)
[wrangler:info] GET / 304 Not Modified (5ms)
[wrangler:info] GET /app.js 304 Not Modified (6ms)
[wrangler:info] GET /style.css 304 Not Modified (8ms)
⎔ Reloading local server...
⎔ Local server updated and ready
[wrangler:info] GET / 200 OK (14ms)
[wrangler:info] GET /style.css 200 OK (5ms)
[wrangler:info] GET /app.js 200 OK (8ms)
[wrangler:info] GET / 200 OK (4ms)
[wrangler:info] GET /style.css 304 Not Modified (4ms)
[wrangler:info] GET /app.js 304 Not Modified (5ms)
[wrangler:info] GET / 304 Not Modified (7ms)
[wrangler:info] GET /style.css 304 Not Modified (5ms)
[wrangler:info] GET /app.js 304 Not Modified (6ms)
[wrangler:info] GET /api/guess 200 OK (150ms)
⎔ Reloading local server...
⎔ Local server updated and ready
[wrangler:info] GET / 200 OK (11ms)
[wrangler:info] GET /style.css 200 OK (6ms)
[wrangler:info] GET /app.js 200 OK (7ms)
[wrangler:info] GET / 200 OK (4ms)
[wrangler:info] GET /style.css 304 Not Modified (5ms)
[wrangler:info] GET /app.js 304 Not Modified (6ms)
[wrangler:info] GET / 304 Not Modified (4ms)
[wrangler:info] GET /style.css 304 Not Modified (4ms)
[wrangler:info] GET /app.js 304 Not Modified (6ms)
⎔ Reloading local server...
⎔ Local server updated and ready
[wrangler:info] GET / 200 OK (12ms)
[wrangler:info] GET /style.css 200 OK (7ms)
[wrangler:info] GET /app.js 200 OK (6ms)
[wrangler:info] GET / 200 OK (5ms)
[wrangler:info] GET /app.js 304 Not Modified (7ms)
[wrangler:info] GET /style.css 304 Not Modified (7ms)
[wrangler:info] GET / 304 Not Modified (6ms)
[wrangler:info] GET /style.css 304 Not Modified (5ms)
[wrangler:info] GET /app.js 304 Not Modified (8ms)
⎔ Reloading local server...
⎔ Local server updated and ready
[wrangler:info] GET / 200 OK (12ms)
[wrangler:info] GET /style.css 200 OK (5ms)
[wrangler:info] GET /app.js 200 OK (8ms)
[wrangler:info] GET /api/state 200 OK (173ms)
[wrangler:info] GET /api/guess 200 OK (49ms)
[wrangler:info] GET /api/guess 200 OK (48ms)
